INFO:root:
Selector: High Level Ordering of Strategies
| Sequence: Offensive Strategy
| | Check: who_has_largest_fleet
| | Action: attack_weakest_enemy_planet
| | Action: attack_strategically
| Sequence: Defensive Strategy
| | Check: under_attack
| | Action: defend_weakest_planet
| Sequence: Growth Strategy
| | Check: if_neutral_planet_available
| | Action: spread_to_high_growthrate_planet
| Action: attack_weakest_enemy_planet

DEBUG:root:Executing:Selector: High Level Ordering of Strategies
DEBUG:root:Executing:Sequence: Offensive Strategy
DEBUG:root:Executing:Check: who_has_largest_fleet
DEBUG:root:Result: Check: who_has_largest_fleet -> Failure
DEBUG:root:Result: Sequence: Offensive Strategy -> Failure
DEBUG:root:Executing:Sequence: Defensive Strategy
DEBUG:root:Executing:Check: under_attack
DEBUG:root:Result: Check: under_attack -> Failure
DEBUG:root:Result: Sequence: Defensive Strategy -> Failure
DEBUG:root:Executing:Sequence: Growth Strategy
DEBUG:root:Executing:Check: if_neutral_planet_available
DEBUG:root:Result: Check: if_neutral_planet_available -> Success
DEBUG:root:Executing:Action: spread_to_high_growthrate_planet
DEBUG:root:Order:1 18 50.0
DEBUG:root:Result: Action: spread_to_high_growthrate_planet -> Success
DEBUG:root:Result: Sequence: Growth Strategy -> Success
DEBUG:root:Result: Selector: High Level Ordering of Strategies -> Success
DEBUG:root:Finish turn

DEBUG:root:Executing:Selector: High Level Ordering of Strategies
DEBUG:root:Executing:Sequence: Offensive Strategy
DEBUG:root:Executing:Check: who_has_largest_fleet
DEBUG:root:Result: Check: who_has_largest_fleet -> Failure
DEBUG:root:Result: Sequence: Offensive Strategy -> Failure
DEBUG:root:Executing:Sequence: Defensive Strategy
DEBUG:root:Executing:Check: under_attack
DEBUG:root:Result: Check: under_attack -> Failure
DEBUG:root:Result: Sequence: Defensive Strategy -> Failure
DEBUG:root:Executing:Sequence: Growth Strategy
DEBUG:root:Executing:Check: if_neutral_planet_available
DEBUG:root:Result: Check: if_neutral_planet_available -> Success
DEBUG:root:Executing:Action: spread_to_high_growthrate_planet
DEBUG:root:Order:1 18 27.0
DEBUG:root:Result: Action: spread_to_high_growthrate_planet -> Success
DEBUG:root:Result: Sequence: Growth Strategy -> Success
DEBUG:root:Result: Selector: High Level Ordering of Strategies -> Success
DEBUG:root:Finish turn

DEBUG:root:Executing:Selector: High Level Ordering of Strategies
DEBUG:root:Executing:Sequence: Offensive Strategy
DEBUG:root:Executing:Check: who_has_largest_fleet
DEBUG:root:Result: Check: who_has_largest_fleet -> Failure
DEBUG:root:Result: Sequence: Offensive Strategy -> Failure
DEBUG:root:Executing:Sequence: Defensive Strategy
DEBUG:root:Executing:Check: under_attack
DEBUG:root:Result: Check: under_attack -> Failure
DEBUG:root:Result: Sequence: Defensive Strategy -> Failure
DEBUG:root:Executing:Sequence: Growth Strategy
DEBUG:root:Executing:Check: if_neutral_planet_available
DEBUG:root:Result: Check: if_neutral_planet_available -> Success
DEBUG:root:Executing:Action: spread_to_high_growthrate_planet
DEBUG:root:Order:1 18 16.0
DEBUG:root:Result: Action: spread_to_high_growthrate_planet -> Success
DEBUG:root:Result: Sequence: Growth Strategy -> Success
DEBUG:root:Result: Selector: High Level Ordering of Strategies -> Success
DEBUG:root:Finish turn

DEBUG:root:Executing:Selector: High Level Ordering of Strategies
DEBUG:root:Executing:Sequence: Offensive Strategy
DEBUG:root:Executing:Check: who_has_largest_fleet
DEBUG:root:Result: Check: who_has_largest_fleet -> Failure
DEBUG:root:Result: Sequence: Offensive Strategy -> Failure
DEBUG:root:Executing:Sequence: Defensive Strategy
DEBUG:root:Executing:Check: under_attack
DEBUG:root:Result: Check: under_attack -> Failure
DEBUG:root:Result: Sequence: Defensive Strategy -> Failure
DEBUG:root:Executing:Sequence: Growth Strategy
DEBUG:root:Executing:Check: if_neutral_planet_available
DEBUG:root:Result: Check: if_neutral_planet_available -> Success
DEBUG:root:Executing:Action: spread_to_high_growthrate_planet
DEBUG:root:Order:1 18 11.0
DEBUG:root:Result: Action: spread_to_high_growthrate_planet -> Success
DEBUG:root:Result: Sequence: Growth Strategy -> Success
DEBUG:root:Result: Selector: High Level Ordering of Strategies -> Success
DEBUG:root:Finish turn

DEBUG:root:Executing:Selector: High Level Ordering of Strategies
DEBUG:root:Executing:Sequence: Offensive Strategy
DEBUG:root:Executing:Check: who_has_largest_fleet
DEBUG:root:Result: Check: who_has_largest_fleet -> Failure
DEBUG:root:Result: Sequence: Offensive Strategy -> Failure
DEBUG:root:Executing:Sequence: Defensive Strategy
DEBUG:root:Executing:Check: under_attack
DEBUG:root:Result: Check: under_attack -> Failure
DEBUG:root:Result: Sequence: Defensive Strategy -> Failure
DEBUG:root:Executing:Sequence: Growth Strategy
DEBUG:root:Executing:Check: if_neutral_planet_available
DEBUG:root:Result: Check: if_neutral_planet_available -> Success
DEBUG:root:Executing:Action: spread_to_high_growthrate_planet
DEBUG:root:Order:1 18 8.0
DEBUG:root:Result: Action: spread_to_high_growthrate_planet -> Success
DEBUG:root:Result: Sequence: Growth Strategy -> Success
DEBUG:root:Result: Selector: High Level Ordering of Strategies -> Success
DEBUG:root:Finish turn

DEBUG:root:Executing:Selector: High Level Ordering of Strategies
DEBUG:root:Executing:Sequence: Offensive Strategy
DEBUG:root:Executing:Check: who_has_largest_fleet
DEBUG:root:Result: Check: who_has_largest_fleet -> Failure
DEBUG:root:Result: Sequence: Offensive Strategy -> Failure
DEBUG:root:Executing:Sequence: Defensive Strategy
DEBUG:root:Executing:Check: under_attack
DEBUG:root:Result: Check: under_attack -> Failure
DEBUG:root:Result: Sequence: Defensive Strategy -> Failure
DEBUG:root:Executing:Sequence: Growth Strategy
DEBUG:root:Executing:Check: if_neutral_planet_available
DEBUG:root:Result: Check: if_neutral_planet_available -> Success
DEBUG:root:Executing:Action: spread_to_high_growthrate_planet
DEBUG:root:Order:1 18 6.0
DEBUG:root:Result: Action: spread_to_high_growthrate_planet -> Success
DEBUG:root:Result: Sequence: Growth Strategy -> Success
DEBUG:root:Result: Selector: High Level Ordering of Strategies -> Success
DEBUG:root:Finish turn

DEBUG:root:Executing:Selector: High Level Ordering of Strategies
DEBUG:root:Executing:Sequence: Offensive Strategy
DEBUG:root:Executing:Check: who_has_largest_fleet
DEBUG:root:Result: Check: who_has_largest_fleet -> Success
DEBUG:root:Executing:Action: attack_weakest_enemy_planet
DEBUG:root:Order:1 9 6.0
DEBUG:root:Result: Action: attack_weakest_enemy_planet -> Success
DEBUG:root:Executing:Action: attack_strategically
DEBUG:root:Order:1 2 3.0
DEBUG:root:Result: Action: attack_strategically -> Success
DEBUG:root:Result: Sequence: Offensive Strategy -> Success
DEBUG:root:Result: Selector: High Level Ordering of Strategies -> Success
DEBUG:root:Finish turn

DEBUG:root:Executing:Selector: High Level Ordering of Strategies
DEBUG:root:Executing:Sequence: Offensive Strategy
DEBUG:root:Executing:Check: who_has_largest_fleet
DEBUG:root:Result: Check: who_has_largest_fleet -> Success
DEBUG:root:Executing:Action: attack_weakest_enemy_planet
DEBUG:root:Order:18 9 23.0
DEBUG:root:Result: Action: attack_weakest_enemy_planet -> Success
DEBUG:root:Executing:Action: attack_strategically
DEBUG:root:Order:18 2 11.0
DEBUG:root:Result: Action: attack_strategically -> Success
DEBUG:root:Result: Sequence: Offensive Strategy -> Success
DEBUG:root:Result: Selector: High Level Ordering of Strategies -> Success
DEBUG:root:Finish turn

DEBUG:root:Executing:Selector: High Level Ordering of Strategies
DEBUG:root:Executing:Sequence: Offensive Strategy
DEBUG:root:Executing:Check: who_has_largest_fleet
DEBUG:root:Result: Check: who_has_largest_fleet -> Success
DEBUG:root:Executing:Action: attack_weakest_enemy_planet
DEBUG:root:Order:18 9 20.5
DEBUG:root:Result: Action: attack_weakest_enemy_planet -> Success
DEBUG:root:Executing:Action: attack_strategically
DEBUG:root:Order:18 2 10.0
DEBUG:root:Result: Action: attack_strategically -> Success
DEBUG:root:Result: Sequence: Offensive Strategy -> Success
DEBUG:root:Result: Selector: High Level Ordering of Strategies -> Success
DEBUG:root:Finish turn

DEBUG:root:Executing:Selector: High Level Ordering of Strategies
DEBUG:root:Executing:Sequence: Offensive Strategy
DEBUG:root:Executing:Check: who_has_largest_fleet
DEBUG:root:Result: Check: who_has_largest_fleet -> Success
DEBUG:root:Executing:Action: attack_weakest_enemy_planet
DEBUG:root:Order:18 17 14.5
DEBUG:root:Result: Action: attack_weakest_enemy_planet -> Success
DEBUG:root:Executing:Action: attack_strategically
DEBUG:root:Order:1 2 9.0
DEBUG:root:Result: Action: attack_strategically -> Success
DEBUG:root:Result: Sequence: Offensive Strategy -> Success
DEBUG:root:Result: Selector: High Level Ordering of Strategies -> Success
DEBUG:root:Finish turn

DEBUG:root:Executing:Selector: High Level Ordering of Strategies
DEBUG:root:Executing:Sequence: Offensive Strategy
DEBUG:root:Executing:Check: who_has_largest_fleet
DEBUG:root:Result: Check: who_has_largest_fleet -> Success
DEBUG:root:Executing:Action: attack_weakest_enemy_planet
DEBUG:root:Order:18 17 14.0
DEBUG:root:Result: Action: attack_weakest_enemy_planet -> Success
DEBUG:root:Executing:Action: attack_strategically
DEBUG:root:Order:1 2 7.0
DEBUG:root:Result: Action: attack_strategically -> Success
DEBUG:root:Result: Sequence: Offensive Strategy -> Success
DEBUG:root:Result: Selector: High Level Ordering of Strategies -> Success
DEBUG:root:Finish turn

DEBUG:root:Executing:Selector: High Level Ordering of Strategies
DEBUG:root:Executing:Sequence: Offensive Strategy
DEBUG:root:Executing:Check: who_has_largest_fleet
DEBUG:root:Result: Check: who_has_largest_fleet -> Success
DEBUG:root:Executing:Action: attack_weakest_enemy_planet
DEBUG:root:Order:18 17 12.0
DEBUG:root:Result: Action: attack_weakest_enemy_planet -> Success
DEBUG:root:Executing:Action: attack_strategically
DEBUG:root:Order:1 2 6.0
DEBUG:root:Result: Action: attack_strategically -> Success
DEBUG:root:Result: Sequence: Offensive Strategy -> Success
DEBUG:root:Result: Selector: High Level Ordering of Strategies -> Success
DEBUG:root:Finish turn

DEBUG:root:Executing:Selector: High Level Ordering of Strategies
DEBUG:root:Executing:Sequence: Offensive Strategy
DEBUG:root:Executing:Check: who_has_largest_fleet
DEBUG:root:Result: Check: who_has_largest_fleet -> Success
DEBUG:root:Executing:Action: attack_weakest_enemy_planet
DEBUG:root:Order:18 11 10.0
DEBUG:root:Result: Action: attack_weakest_enemy_planet -> Success
DEBUG:root:Executing:Action: attack_strategically
DEBUG:root:Order:1 2 5.0
DEBUG:root:Result: Action: attack_strategically -> Success
DEBUG:root:Result: Sequence: Offensive Strategy -> Success
DEBUG:root:Result: Selector: High Level Ordering of Strategies -> Success
DEBUG:root:Finish turn

DEBUG:root:Executing:Selector: High Level Ordering of Strategies
DEBUG:root:Executing:Sequence: Offensive Strategy
DEBUG:root:Executing:Check: who_has_largest_fleet
DEBUG:root:Result: Check: who_has_largest_fleet -> Success
DEBUG:root:Executing:Action: attack_weakest_enemy_planet
DEBUG:root:Order:18 11 6.0
DEBUG:root:Result: Action: attack_weakest_enemy_planet -> Success
DEBUG:root:Executing:Action: attack_strategically
DEBUG:root:Order:1 2 5.0
DEBUG:root:Result: Action: attack_strategically -> Success
DEBUG:root:Result: Sequence: Offensive Strategy -> Success
DEBUG:root:Result: Selector: High Level Ordering of Strategies -> Success
DEBUG:root:Finish turn

DEBUG:root:Executing:Selector: High Level Ordering of Strategies
DEBUG:root:Executing:Sequence: Offensive Strategy
DEBUG:root:Executing:Check: who_has_largest_fleet
DEBUG:root:Result: Check: who_has_largest_fleet -> Success
DEBUG:root:Executing:Action: attack_weakest_enemy_planet
DEBUG:root:Order:1 9 5.5
DEBUG:root:Result: Action: attack_weakest_enemy_planet -> Success
DEBUG:root:Executing:Action: attack_strategically
DEBUG:root:Order:18 2 4.0
DEBUG:root:Result: Action: attack_strategically -> Success
DEBUG:root:Result: Sequence: Offensive Strategy -> Success
DEBUG:root:Result: Selector: High Level Ordering of Strategies -> Success
DEBUG:root:Finish turn

DEBUG:root:Executing:Selector: High Level Ordering of Strategies
DEBUG:root:Executing:Sequence: Offensive Strategy
DEBUG:root:Executing:Check: who_has_largest_fleet
DEBUG:root:Result: Check: who_has_largest_fleet -> Success
DEBUG:root:Executing:Action: attack_weakest_enemy_planet
DEBUG:root:Order:1 2 5.5
DEBUG:root:Result: Action: attack_weakest_enemy_planet -> Success
DEBUG:root:Executing:Action: attack_strategically
DEBUG:root:Order:18 2 3.0
DEBUG:root:Result: Action: attack_strategically -> Success
DEBUG:root:Result: Sequence: Offensive Strategy -> Success
DEBUG:root:Result: Selector: High Level Ordering of Strategies -> Success
DEBUG:root:Finish turn

DEBUG:root:Executing:Selector: High Level Ordering of Strategies
DEBUG:root:Executing:Sequence: Offensive Strategy
DEBUG:root:Executing:Check: who_has_largest_fleet
DEBUG:root:Result: Check: who_has_largest_fleet -> Success
DEBUG:root:Executing:Action: attack_weakest_enemy_planet
DEBUG:root:Order:1 9 5.5
DEBUG:root:Result: Action: attack_weakest_enemy_planet -> Success
DEBUG:root:Executing:Action: attack_strategically
DEBUG:root:Order:1 2 2.0
DEBUG:root:Result: Action: attack_strategically -> Success
DEBUG:root:Result: Sequence: Offensive Strategy -> Success
DEBUG:root:Result: Selector: High Level Ordering of Strategies -> Success
DEBUG:root:Finish turn

DEBUG:root:Executing:Selector: High Level Ordering of Strategies
DEBUG:root:Executing:Sequence: Offensive Strategy
DEBUG:root:Executing:Check: who_has_largest_fleet
DEBUG:root:Result: Check: who_has_largest_fleet -> Success
DEBUG:root:Executing:Action: attack_weakest_enemy_planet
DEBUG:root:Order:1 9 4.5
DEBUG:root:Result: Action: attack_weakest_enemy_planet -> Success
DEBUG:root:Executing:Action: attack_strategically
DEBUG:root:Order:18 2 3.0
DEBUG:root:Result: Action: attack_strategically -> Success
DEBUG:root:Result: Sequence: Offensive Strategy -> Success
DEBUG:root:Result: Selector: High Level Ordering of Strategies -> Success
DEBUG:root:Finish turn

DEBUG:root:Executing:Selector: High Level Ordering of Strategies
DEBUG:root:Executing:Sequence: Offensive Strategy
DEBUG:root:Executing:Check: who_has_largest_fleet
DEBUG:root:Result: Check: who_has_largest_fleet -> Success
DEBUG:root:Executing:Action: attack_weakest_enemy_planet
DEBUG:root:Order:1 12 5.0
DEBUG:root:Result: Action: attack_weakest_enemy_planet -> Success
DEBUG:root:Executing:Action: attack_strategically
DEBUG:root:Order:18 2 3.0
DEBUG:root:Result: Action: attack_strategically -> Success
DEBUG:root:Result: Sequence: Offensive Strategy -> Success
DEBUG:root:Result: Selector: High Level Ordering of Strategies -> Success
DEBUG:root:Finish turn

DEBUG:root:Executing:Selector: High Level Ordering of Strategies
DEBUG:root:Executing:Sequence: Offensive Strategy
DEBUG:root:Executing:Check: who_has_largest_fleet
DEBUG:root:Result: Check: who_has_largest_fleet -> Success
DEBUG:root:Executing:Action: attack_weakest_enemy_planet
DEBUG:root:Order:1 12 5.0
DEBUG:root:Result: Action: attack_weakest_enemy_planet -> Success
DEBUG:root:Executing:Action: attack_strategically
DEBUG:root:Order:1 2 2.0
DEBUG:root:Result: Action: attack_strategically -> Success
DEBUG:root:Result: Sequence: Offensive Strategy -> Success
DEBUG:root:Result: Selector: High Level Ordering of Strategies -> Success
DEBUG:root:Finish turn

DEBUG:root:Executing:Selector: High Level Ordering of Strategies
DEBUG:root:Executing:Sequence: Offensive Strategy
DEBUG:root:Executing:Check: who_has_largest_fleet
DEBUG:root:Result: Check: who_has_largest_fleet -> Success
DEBUG:root:Executing:Action: attack_weakest_enemy_planet
DEBUG:root:Order:1 5 4.0
DEBUG:root:Result: Action: attack_weakest_enemy_planet -> Success
DEBUG:root:Executing:Action: attack_strategically
DEBUG:root:Order:1 2 2.0
DEBUG:root:Result: Action: attack_strategically -> Success
DEBUG:root:Result: Sequence: Offensive Strategy -> Success
DEBUG:root:Result: Selector: High Level Ordering of Strategies -> Success
DEBUG:root:Finish turn

DEBUG:root:Executing:Selector: High Level Ordering of Strategies
DEBUG:root:Executing:Sequence: Offensive Strategy
DEBUG:root:Executing:Check: who_has_largest_fleet
DEBUG:root:Result: Check: who_has_largest_fleet -> Success
DEBUG:root:Executing:Action: attack_weakest_enemy_planet
DEBUG:root:Order:1 5 3.5
DEBUG:root:Result: Action: attack_weakest_enemy_planet -> Success
DEBUG:root:Executing:Action: attack_strategically
DEBUG:root:Order:18 2 2.0
DEBUG:root:Result: Action: attack_strategically -> Success
DEBUG:root:Result: Sequence: Offensive Strategy -> Success
DEBUG:root:Result: Selector: High Level Ordering of Strategies -> Success
DEBUG:root:Finish turn

DEBUG:root:Executing:Selector: High Level Ordering of Strategies
DEBUG:root:Executing:Sequence: Offensive Strategy
DEBUG:root:Executing:Check: who_has_largest_fleet
DEBUG:root:Result: Check: who_has_largest_fleet -> Success
DEBUG:root:Executing:Action: attack_weakest_enemy_planet
DEBUG:root:Order:1 5 4.5
DEBUG:root:Result: Action: attack_weakest_enemy_planet -> Success
DEBUG:root:Executing:Action: attack_strategically
DEBUG:root:Order:1 2 2.0
DEBUG:root:Result: Action: attack_strategically -> Success
DEBUG:root:Result: Sequence: Offensive Strategy -> Success
DEBUG:root:Result: Selector: High Level Ordering of Strategies -> Success
DEBUG:root:Finish turn

DEBUG:root:Executing:Selector: High Level Ordering of Strategies
DEBUG:root:Executing:Sequence: Offensive Strategy
DEBUG:root:Executing:Check: who_has_largest_fleet
DEBUG:root:Result: Check: who_has_largest_fleet -> Success
DEBUG:root:Executing:Action: attack_weakest_enemy_planet
DEBUG:root:Order:1 5 4.0
DEBUG:root:Result: Action: attack_weakest_enemy_planet -> Success
DEBUG:root:Executing:Action: attack_strategically
DEBUG:root:Order:18 2 3.0
DEBUG:root:Result: Action: attack_strategically -> Success
DEBUG:root:Result: Sequence: Offensive Strategy -> Success
DEBUG:root:Result: Selector: High Level Ordering of Strategies -> Success
DEBUG:root:Finish turn

DEBUG:root:Executing:Selector: High Level Ordering of Strategies
DEBUG:root:Executing:Sequence: Offensive Strategy
DEBUG:root:Executing:Check: who_has_largest_fleet
DEBUG:root:Result: Check: who_has_largest_fleet -> Success
DEBUG:root:Executing:Action: attack_weakest_enemy_planet
DEBUG:root:Order:1 17 4.5
DEBUG:root:Result: Action: attack_weakest_enemy_planet -> Success
DEBUG:root:Executing:Action: attack_strategically
DEBUG:root:Order:18 2 2.0
DEBUG:root:Result: Action: attack_strategically -> Success
DEBUG:root:Result: Sequence: Offensive Strategy -> Success
DEBUG:root:Result: Selector: High Level Ordering of Strategies -> Success
DEBUG:root:Finish turn

DEBUG:root:Executing:Selector: High Level Ordering of Strategies
DEBUG:root:Executing:Sequence: Offensive Strategy
DEBUG:root:Executing:Check: who_has_largest_fleet
DEBUG:root:Result: Check: who_has_largest_fleet -> Success
DEBUG:root:Executing:Action: attack_weakest_enemy_planet
DEBUG:root:Order:1 5 5.0
DEBUG:root:Result: Action: attack_weakest_enemy_planet -> Success
DEBUG:root:Executing:Action: attack_strategically
DEBUG:root:Order:17 11 3.0
DEBUG:root:Result: Action: attack_strategically -> Success
DEBUG:root:Result: Sequence: Offensive Strategy -> Success
DEBUG:root:Result: Selector: High Level Ordering of Strategies -> Success
DEBUG:root:Finish turn

DEBUG:root:Executing:Selector: High Level Ordering of Strategies
DEBUG:root:Executing:Sequence: Offensive Strategy
DEBUG:root:Executing:Check: who_has_largest_fleet
DEBUG:root:Result: Check: who_has_largest_fleet -> Success
DEBUG:root:Executing:Action: attack_weakest_enemy_planet
DEBUG:root:Order:1 5 5.0
DEBUG:root:Result: Action: attack_weakest_enemy_planet -> Success
DEBUG:root:Executing:Action: attack_strategically
DEBUG:root:Order:18 11 3.0
DEBUG:root:Result: Action: attack_strategically -> Success
DEBUG:root:Result: Sequence: Offensive Strategy -> Success
DEBUG:root:Result: Selector: High Level Ordering of Strategies -> Success
DEBUG:root:Finish turn

DEBUG:root:Executing:Selector: High Level Ordering of Strategies
DEBUG:root:Executing:Sequence: Offensive Strategy
DEBUG:root:Executing:Check: who_has_largest_fleet
DEBUG:root:Result: Check: who_has_largest_fleet -> Success
DEBUG:root:Executing:Action: attack_weakest_enemy_planet
DEBUG:root:Order:2 5 5.5
DEBUG:root:Result: Action: attack_weakest_enemy_planet -> Success
DEBUG:root:Executing:Action: attack_strategically
DEBUG:root:Order:1 11 5.0
DEBUG:root:Result: Action: attack_strategically -> Success
DEBUG:root:Result: Sequence: Offensive Strategy -> Success
DEBUG:root:Result: Selector: High Level Ordering of Strategies -> Success
DEBUG:root:Finish turn

DEBUG:root:Executing:Selector: High Level Ordering of Strategies
DEBUG:root:Executing:Sequence: Offensive Strategy
DEBUG:root:Executing:Check: who_has_largest_fleet
DEBUG:root:Result: Check: who_has_largest_fleet -> Success
DEBUG:root:Executing:Action: attack_weakest_enemy_planet
DEBUG:root:Order:2 9 7.0
DEBUG:root:Result: Action: attack_weakest_enemy_planet -> Success
DEBUG:root:Executing:Action: attack_strategically
DEBUG:root:Order:1 11 5.0
DEBUG:root:Result: Action: attack_strategically -> Success
DEBUG:root:Result: Sequence: Offensive Strategy -> Success
DEBUG:root:Result: Selector: High Level Ordering of Strategies -> Success
DEBUG:root:Finish turn

DEBUG:root:Executing:Selector: High Level Ordering of Strategies
DEBUG:root:Executing:Sequence: Offensive Strategy
DEBUG:root:Executing:Check: who_has_largest_fleet
DEBUG:root:Result: Check: who_has_largest_fleet -> Success
DEBUG:root:Executing:Action: attack_weakest_enemy_planet
DEBUG:root:Order:9 18 9.5
DEBUG:root:Result: Action: attack_weakest_enemy_planet -> Success
DEBUG:root:Executing:Action: attack_strategically
DEBUG:root:Order:2 11 6.0
DEBUG:root:Result: Action: attack_strategically -> Success
DEBUG:root:Result: Sequence: Offensive Strategy -> Success
DEBUG:root:Result: Selector: High Level Ordering of Strategies -> Success
DEBUG:root:Finish turn

DEBUG:root:Executing:Selector: High Level Ordering of Strategies
DEBUG:root:Executing:Sequence: Offensive Strategy
DEBUG:root:Executing:Check: who_has_largest_fleet
DEBUG:root:Result: Check: who_has_largest_fleet -> Success
DEBUG:root:Executing:Action: attack_weakest_enemy_planet
DEBUG:root:Order:9 5 8.5
DEBUG:root:Result: Action: attack_weakest_enemy_planet -> Success
DEBUG:root:Executing:Action: attack_strategically
DEBUG:root:Order:1 11 7.0
DEBUG:root:Result: Action: attack_strategically -> Success
DEBUG:root:Result: Sequence: Offensive Strategy -> Success
DEBUG:root:Result: Selector: High Level Ordering of Strategies -> Success
DEBUG:root:Finish turn

DEBUG:root:Executing:Selector: High Level Ordering of Strategies
DEBUG:root:Executing:Sequence: Offensive Strategy
DEBUG:root:Executing:Check: who_has_largest_fleet
DEBUG:root:Result: Check: who_has_largest_fleet -> Success
DEBUG:root:Executing:Action: attack_weakest_enemy_planet
DEBUG:root:Order:2 5 14.5
DEBUG:root:Result: Action: attack_weakest_enemy_planet -> Success
DEBUG:root:Executing:Action: attack_strategically
DEBUG:root:Order:17 11 8.0
DEBUG:root:Result: Action: attack_strategically -> Success
DEBUG:root:Result: Sequence: Offensive Strategy -> Success
DEBUG:root:Result: Selector: High Level Ordering of Strategies -> Success
DEBUG:root:Finish turn

DEBUG:root:Executing:Selector: High Level Ordering of Strategies
DEBUG:root:Executing:Sequence: Offensive Strategy
DEBUG:root:Executing:Check: who_has_largest_fleet
DEBUG:root:Result: Check: who_has_largest_fleet -> Success
DEBUG:root:Executing:Action: attack_weakest_enemy_planet
DEBUG:root:Order:2 17 15.0
DEBUG:root:Result: Action: attack_weakest_enemy_planet -> Success
DEBUG:root:Executing:Action: attack_strategically
DEBUG:root:Order:1 11 9.0
DEBUG:root:Result: Action: attack_strategically -> Success
DEBUG:root:Result: Sequence: Offensive Strategy -> Success
DEBUG:root:Result: Selector: High Level Ordering of Strategies -> Success
DEBUG:root:Finish turn

DEBUG:root:Executing:Selector: High Level Ordering of Strategies
DEBUG:root:Executing:Sequence: Offensive Strategy
DEBUG:root:Executing:Check: who_has_largest_fleet
DEBUG:root:Result: Check: who_has_largest_fleet -> Success
DEBUG:root:Executing:Action: attack_weakest_enemy_planet
DEBUG:root:Order:2 0 13.0
DEBUG:root:Result: Action: attack_weakest_enemy_planet -> Success
DEBUG:root:Executing:Action: attack_strategically
DEBUG:root:Order:1 11 7.0
DEBUG:root:Result: Action: attack_strategically -> Success
DEBUG:root:Result: Sequence: Offensive Strategy -> Success
DEBUG:root:Result: Selector: High Level Ordering of Strategies -> Success
DEBUG:root:Finish turn

DEBUG:root:Executing:Selector: High Level Ordering of Strategies
DEBUG:root:Executing:Sequence: Offensive Strategy
DEBUG:root:Executing:Check: who_has_largest_fleet
DEBUG:root:Result: Check: who_has_largest_fleet -> Success
DEBUG:root:Executing:Action: attack_weakest_enemy_planet
DEBUG:root:Order:2 0 13.0
DEBUG:root:Result: Action: attack_weakest_enemy_planet -> Success
DEBUG:root:Executing:Action: attack_strategically
DEBUG:root:Order:9 11 10.0
DEBUG:root:Result: Action: attack_strategically -> Success
DEBUG:root:Result: Sequence: Offensive Strategy -> Success
DEBUG:root:Result: Selector: High Level Ordering of Strategies -> Success
DEBUG:root:Finish turn

DEBUG:root:Executing:Selector: High Level Ordering of Strategies
DEBUG:root:Executing:Sequence: Offensive Strategy
DEBUG:root:Executing:Check: who_has_largest_fleet
DEBUG:root:Result: Check: who_has_largest_fleet -> Success
DEBUG:root:Executing:Action: attack_weakest_enemy_planet
DEBUG:root:Order:2 0 13.0
DEBUG:root:Result: Action: attack_weakest_enemy_planet -> Success
DEBUG:root:Executing:Action: attack_strategically
DEBUG:root:Order:1 11 8.0
DEBUG:root:Result: Action: attack_strategically -> Success
DEBUG:root:Result: Sequence: Offensive Strategy -> Success
DEBUG:root:Result: Selector: High Level Ordering of Strategies -> Success
DEBUG:root:Finish turn

DEBUG:root:Executing:Selector: High Level Ordering of Strategies
DEBUG:root:Executing:Sequence: Offensive Strategy
DEBUG:root:Executing:Check: who_has_largest_fleet
DEBUG:root:Result: Check: who_has_largest_fleet -> Success
DEBUG:root:Executing:Action: attack_weakest_enemy_planet
DEBUG:root:Order:2 0 9.0
DEBUG:root:Result: Action: attack_weakest_enemy_planet -> Success
DEBUG:root:Executing:Action: attack_strategically
DEBUG:root:Order:1 11 7.0
DEBUG:root:Result: Action: attack_strategically -> Success
DEBUG:root:Result: Sequence: Offensive Strategy -> Success
DEBUG:root:Result: Selector: High Level Ordering of Strategies -> Success
DEBUG:root:Finish turn

DEBUG:root:Executing:Selector: High Level Ordering of Strategies
DEBUG:root:Executing:Sequence: Offensive Strategy
DEBUG:root:Executing:Check: who_has_largest_fleet
DEBUG:root:Result: Check: who_has_largest_fleet -> Success
DEBUG:root:Executing:Action: attack_weakest_enemy_planet
DEBUG:root:Order:2 6 9.5
DEBUG:root:Result: Action: attack_weakest_enemy_planet -> Success
DEBUG:root:Executing:Action: attack_strategically
DEBUG:root:Order:9 11 6.0
DEBUG:root:Result: Action: attack_strategically -> Success
DEBUG:root:Result: Sequence: Offensive Strategy -> Success
DEBUG:root:Result: Selector: High Level Ordering of Strategies -> Success
DEBUG:root:Finish turn

DEBUG:root:Executing:Selector: High Level Ordering of Strategies
DEBUG:root:Executing:Sequence: Offensive Strategy
DEBUG:root:Executing:Check: who_has_largest_fleet
DEBUG:root:Result: Check: who_has_largest_fleet -> Success
DEBUG:root:Executing:Action: attack_weakest_enemy_planet
DEBUG:root:Order:2 6 9.5
DEBUG:root:Result: Action: attack_weakest_enemy_planet -> Success
DEBUG:root:Executing:Action: attack_strategically
DEBUG:root:Order:1 11 8.0
DEBUG:root:Result: Action: attack_strategically -> Success
DEBUG:root:Result: Sequence: Offensive Strategy -> Success
DEBUG:root:Result: Selector: High Level Ordering of Strategies -> Success
DEBUG:root:Finish turn

DEBUG:root:Executing:Selector: High Level Ordering of Strategies
DEBUG:root:Executing:Sequence: Offensive Strategy
DEBUG:root:Executing:Check: who_has_largest_fleet
DEBUG:root:Result: Check: who_has_largest_fleet -> Success
DEBUG:root:Executing:Action: attack_weakest_enemy_planet
DEBUG:root:Order:2 6 7.5
DEBUG:root:Result: Action: attack_weakest_enemy_planet -> Success
DEBUG:root:Executing:Action: attack_strategically
DEBUG:root:Order:1 11 7.0
DEBUG:root:Result: Action: attack_strategically -> Success
DEBUG:root:Result: Sequence: Offensive Strategy -> Success
DEBUG:root:Result: Selector: High Level Ordering of Strategies -> Success
DEBUG:root:Finish turn

DEBUG:root:Executing:Selector: High Level Ordering of Strategies
DEBUG:root:Executing:Sequence: Offensive Strategy
DEBUG:root:Executing:Check: who_has_largest_fleet
DEBUG:root:Result: Check: who_has_largest_fleet -> Success
DEBUG:root:Executing:Action: attack_weakest_enemy_planet
DEBUG:root:Order:9 6 10.0
DEBUG:root:Result: Action: attack_weakest_enemy_planet -> Success
DEBUG:root:Executing:Action: attack_strategically
DEBUG:root:Order:2 12 8.0
DEBUG:root:Result: Action: attack_strategically -> Success
DEBUG:root:Result: Sequence: Offensive Strategy -> Success
DEBUG:root:Result: Selector: High Level Ordering of Strategies -> Success
DEBUG:root:Finish turn

DEBUG:root:Executing:Selector: High Level Ordering of Strategies
DEBUG:root:Executing:Sequence: Offensive Strategy
DEBUG:root:Executing:Check: who_has_largest_fleet
DEBUG:root:Result: Check: who_has_largest_fleet -> Success
DEBUG:root:Executing:Action: attack_weakest_enemy_planet
DEBUG:root:Order:11 6 11.5
DEBUG:root:Result: Action: attack_weakest_enemy_planet -> Success
DEBUG:root:Executing:Action: attack_strategically
DEBUG:root:Order:1 12 8.0
DEBUG:root:Result: Action: attack_strategically -> Success
DEBUG:root:Result: Sequence: Offensive Strategy -> Success
DEBUG:root:Result: Selector: High Level Ordering of Strategies -> Success
DEBUG:root:Finish turn

DEBUG:root:Executing:Selector: High Level Ordering of Strategies
DEBUG:root:Executing:Sequence: Offensive Strategy
DEBUG:root:Executing:Check: who_has_largest_fleet
DEBUG:root:Result: Check: who_has_largest_fleet -> Success
DEBUG:root:Executing:Action: attack_weakest_enemy_planet
DEBUG:root:Order:2 5 12.0
DEBUG:root:Result: Action: attack_weakest_enemy_planet -> Success
DEBUG:root:Executing:Action: attack_strategically
DEBUG:root:Order:11 12 8.0
DEBUG:root:Result: Action: attack_strategically -> Success
DEBUG:root:Result: Sequence: Offensive Strategy -> Success
DEBUG:root:Result: Selector: High Level Ordering of Strategies -> Success
DEBUG:root:Finish turn

DEBUG:root:Executing:Selector: High Level Ordering of Strategies
DEBUG:root:Executing:Sequence: Offensive Strategy
DEBUG:root:Executing:Check: who_has_largest_fleet
DEBUG:root:Result: Check: who_has_largest_fleet -> Success
DEBUG:root:Executing:Action: attack_weakest_enemy_planet
DEBUG:root:Order:11 5 10.5
DEBUG:root:Result: Action: attack_weakest_enemy_planet -> Success
DEBUG:root:Executing:Action: attack_strategically
DEBUG:root:Order:1 12 9.0
DEBUG:root:Result: Action: attack_strategically -> Success
DEBUG:root:Result: Sequence: Offensive Strategy -> Success
DEBUG:root:Result: Selector: High Level Ordering of Strategies -> Success
DEBUG:root:Finish turn

DEBUG:root:Executing:Selector: High Level Ordering of Strategies
DEBUG:root:Executing:Sequence: Offensive Strategy
DEBUG:root:Executing:Check: who_has_largest_fleet
DEBUG:root:Result: Check: who_has_largest_fleet -> Success
DEBUG:root:Executing:Action: attack_weakest_enemy_planet
DEBUG:root:Order:2 6 12.0
DEBUG:root:Result: Action: attack_weakest_enemy_planet -> Success
DEBUG:root:Executing:Action: attack_strategically
DEBUG:root:Order:11 12 8.0
DEBUG:root:Result: Action: attack_strategically -> Success
DEBUG:root:Result: Sequence: Offensive Strategy -> Success
DEBUG:root:Result: Selector: High Level Ordering of Strategies -> Success
DEBUG:root:Finish turn

DEBUG:root:Executing:Selector: High Level Ordering of Strategies
DEBUG:root:Executing:Sequence: Offensive Strategy
DEBUG:root:Executing:Check: who_has_largest_fleet
DEBUG:root:Result: Check: who_has_largest_fleet -> Success
DEBUG:root:Executing:Action: attack_weakest_enemy_planet
DEBUG:root:Order:11 6 11.0
DEBUG:root:Result: Action: attack_weakest_enemy_planet -> Success
DEBUG:root:Executing:Action: attack_strategically
DEBUG:root:Order:1 12 10.0
DEBUG:root:Result: Action: attack_strategically -> Success
DEBUG:root:Result: Sequence: Offensive Strategy -> Success
DEBUG:root:Result: Selector: High Level Ordering of Strategies -> Success
DEBUG:root:Finish turn

DEBUG:root:Executing:Selector: High Level Ordering of Strategies
DEBUG:root:Executing:Sequence: Offensive Strategy
DEBUG:root:Executing:Check: who_has_largest_fleet
DEBUG:root:Result: Check: who_has_largest_fleet -> Success
DEBUG:root:Executing:Action: attack_weakest_enemy_planet
DEBUG:root:Order:11 0 11.5
DEBUG:root:Result: Action: attack_weakest_enemy_planet -> Success
DEBUG:root:Executing:Action: attack_strategically
DEBUG:root:Order:2 12 11.0
DEBUG:root:Result: Action: attack_strategically -> Success
DEBUG:root:Result: Sequence: Offensive Strategy -> Success
DEBUG:root:Result: Selector: High Level Ordering of Strategies -> Success
DEBUG:root:Finish turn

DEBUG:root:Executing:Selector: High Level Ordering of Strategies
DEBUG:root:Executing:Sequence: Offensive Strategy
DEBUG:root:Executing:Check: who_has_largest_fleet
DEBUG:root:Result: Check: who_has_largest_fleet -> Success
DEBUG:root:Executing:Action: attack_weakest_enemy_planet
DEBUG:root:Order:1 21 10.0
DEBUG:root:Result: Action: attack_weakest_enemy_planet -> Success
DEBUG:root:Executing:Action: attack_strategically
DEBUG:root:Order:5 12 10.0
DEBUG:root:Result: Action: attack_strategically -> Success
DEBUG:root:Result: Sequence: Offensive Strategy -> Success
DEBUG:root:Result: Selector: High Level Ordering of Strategies -> Success
DEBUG:root:Finish turn

DEBUG:root:Executing:Selector: High Level Ordering of Strategies
DEBUG:root:Executing:Sequence: Offensive Strategy
DEBUG:root:Executing:Check: who_has_largest_fleet
DEBUG:root:Result: Check: who_has_largest_fleet -> Success
DEBUG:root:Executing:Action: attack_weakest_enemy_planet
DEBUG:root:Order:11 21 15.0
DEBUG:root:Result: Action: attack_weakest_enemy_planet -> Success
DEBUG:root:Executing:Action: attack_strategically
DEBUG:root:Order:2 12 10.0
DEBUG:root:Result: Action: attack_strategically -> Success
DEBUG:root:Result: Sequence: Offensive Strategy -> Success
DEBUG:root:Result: Selector: High Level Ordering of Strategies -> Success
DEBUG:root:Finish turn

DEBUG:root:Executing:Selector: High Level Ordering of Strategies
DEBUG:root:Executing:Sequence: Offensive Strategy
DEBUG:root:Executing:Check: who_has_largest_fleet
DEBUG:root:Result: Check: who_has_largest_fleet -> Success
DEBUG:root:Executing:Action: attack_weakest_enemy_planet
DEBUG:root:Order:11 21 18.5
DEBUG:root:Result: Action: attack_weakest_enemy_planet -> Success
DEBUG:root:Executing:Action: attack_strategically
DEBUG:root:Order:5 12 11.0
DEBUG:root:Result: Action: attack_strategically -> Success
DEBUG:root:Result: Sequence: Offensive Strategy -> Success
DEBUG:root:Result: Selector: High Level Ordering of Strategies -> Success
DEBUG:root:Finish turn

DEBUG:root:Executing:Selector: High Level Ordering of Strategies
DEBUG:root:Executing:Sequence: Offensive Strategy
DEBUG:root:Executing:Check: who_has_largest_fleet
DEBUG:root:Result: Check: who_has_largest_fleet -> Success
DEBUG:root:Executing:Action: attack_weakest_enemy_planet
DEBUG:root:Order:0 21 12.5
DEBUG:root:Result: Action: attack_weakest_enemy_planet -> Success
DEBUG:root:Executing:Action: attack_strategically
DEBUG:root:Order:1 12 12.0
DEBUG:root:Result: Action: attack_strategically -> Success
DEBUG:root:Result: Sequence: Offensive Strategy -> Success
DEBUG:root:Result: Selector: High Level Ordering of Strategies -> Success
DEBUG:root:Finish turn

DEBUG:root:Executing:Selector: High Level Ordering of Strategies
DEBUG:root:Executing:Sequence: Offensive Strategy
DEBUG:root:Executing:Check: who_has_largest_fleet
DEBUG:root:Result: Check: who_has_largest_fleet -> Success
DEBUG:root:Executing:Action: attack_weakest_enemy_planet
DEBUG:root:Order:11 21 18.5
DEBUG:root:Result: Action: attack_weakest_enemy_planet -> Success
DEBUG:root:Executing:Action: attack_strategically
DEBUG:root:Order:2 12 13.0
DEBUG:root:Result: Action: attack_strategically -> Success
DEBUG:root:Result: Sequence: Offensive Strategy -> Success
DEBUG:root:Result: Selector: High Level Ordering of Strategies -> Success
DEBUG:root:Finish turn

DEBUG:root:Executing:Selector: High Level Ordering of Strategies
DEBUG:root:Executing:Sequence: Offensive Strategy
DEBUG:root:Executing:Check: who_has_largest_fleet
DEBUG:root:Result: Check: who_has_largest_fleet -> Success
DEBUG:root:Executing:Action: attack_weakest_enemy_planet
DEBUG:root:Order:11 19 18.5
DEBUG:root:Result: Action: attack_weakest_enemy_planet -> Success
DEBUG:root:Executing:Action: attack_strategically
DEBUG:root:Order:1 12 11.0
DEBUG:root:Result: Action: attack_strategically -> Success
DEBUG:root:Result: Sequence: Offensive Strategy -> Success
DEBUG:root:Result: Selector: High Level Ordering of Strategies -> Success
DEBUG:root:Finish turn

DEBUG:root:Executing:Selector: High Level Ordering of Strategies
DEBUG:root:Executing:Sequence: Offensive Strategy
DEBUG:root:Executing:Check: who_has_largest_fleet
DEBUG:root:Result: Check: who_has_largest_fleet -> Success
DEBUG:root:Executing:Action: attack_weakest_enemy_planet
DEBUG:root:Order:5 19 13.5
DEBUG:root:Result: Action: attack_weakest_enemy_planet -> Success
DEBUG:root:Executing:Action: attack_strategically
DEBUG:root:Order:11 12 12.0
DEBUG:root:Result: Action: attack_strategically -> Success
DEBUG:root:Result: Sequence: Offensive Strategy -> Success
DEBUG:root:Result: Selector: High Level Ordering of Strategies -> Success
DEBUG:root:Finish turn

DEBUG:root:Executing:Selector: High Level Ordering of Strategies
DEBUG:root:Executing:Sequence: Offensive Strategy
DEBUG:root:Executing:Check: who_has_largest_fleet
DEBUG:root:Result: Check: who_has_largest_fleet -> Success
DEBUG:root:Executing:Action: attack_weakest_enemy_planet
DEBUG:root:Order:2 0 14.0
DEBUG:root:Result: Action: attack_weakest_enemy_planet -> Success
DEBUG:root:Executing:Action: attack_strategically
DEBUG:root:Order:5 12 12.0
DEBUG:root:Result: Action: attack_strategically -> Success
DEBUG:root:Result: Sequence: Offensive Strategy -> Success
DEBUG:root:Result: Selector: High Level Ordering of Strategies -> Success
DEBUG:root:Finish turn

DEBUG:root:Executing:Selector: High Level Ordering of Strategies
DEBUG:root:Executing:Sequence: Offensive Strategy
DEBUG:root:Executing:Check: who_has_largest_fleet
DEBUG:root:Result: Check: who_has_largest_fleet -> Success
DEBUG:root:Executing:Action: attack_weakest_enemy_planet
DEBUG:root:Order:1 19 13.5
DEBUG:root:Result: Action: attack_weakest_enemy_planet -> Success
DEBUG:root:Executing:Action: attack_strategically
DEBUG:root:Order:11 12 11.0
DEBUG:root:Result: Action: attack_strategically -> Success
DEBUG:root:Result: Sequence: Offensive Strategy -> Success
DEBUG:root:Result: Selector: High Level Ordering of Strategies -> Success
DEBUG:root:Finish turn

DEBUG:root:Executing:Selector: High Level Ordering of Strategies
DEBUG:root:Executing:Sequence: Offensive Strategy
DEBUG:root:Executing:Check: who_has_largest_fleet
DEBUG:root:Result: Check: who_has_largest_fleet -> Success
DEBUG:root:Executing:Action: attack_weakest_enemy_planet
DEBUG:root:Order:2 19 12.0
DEBUG:root:Result: Action: attack_weakest_enemy_planet -> Success
DEBUG:root:Executing:Action: attack_strategically
DEBUG:root:Order:1 12 9.0
DEBUG:root:Result: Action: attack_strategically -> Success
DEBUG:root:Result: Sequence: Offensive Strategy -> Success
DEBUG:root:Result: Selector: High Level Ordering of Strategies -> Success
DEBUG:root:Finish turn

DEBUG:root:Executing:Selector: High Level Ordering of Strategies
DEBUG:root:Executing:Sequence: Offensive Strategy
DEBUG:root:Executing:Check: who_has_largest_fleet
DEBUG:root:Result: Check: who_has_largest_fleet -> Success
DEBUG:root:Executing:Action: attack_weakest_enemy_planet
DEBUG:root:Order:11 19 10.5
DEBUG:root:Result: Action: attack_weakest_enemy_planet -> Success
DEBUG:root:Executing:Action: attack_strategically
DEBUG:root:Order:2 12 8.0
DEBUG:root:Result: Action: attack_strategically -> Success
DEBUG:root:Result: Sequence: Offensive Strategy -> Success
DEBUG:root:Result: Selector: High Level Ordering of Strategies -> Success
DEBUG:root:Finish turn

DEBUG:root:Executing:Selector: High Level Ordering of Strategies
DEBUG:root:Executing:Sequence: Offensive Strategy
DEBUG:root:Executing:Check: who_has_largest_fleet
DEBUG:root:Result: Check: who_has_largest_fleet -> Success
DEBUG:root:Executing:Action: attack_weakest_enemy_planet
DEBUG:root:Order:1 19 10.0
DEBUG:root:Result: Action: attack_weakest_enemy_planet -> Success
DEBUG:root:Executing:Action: attack_strategically
DEBUG:root:Order:5 12 8.0
DEBUG:root:Result: Action: attack_strategically -> Success
DEBUG:root:Result: Sequence: Offensive Strategy -> Success
DEBUG:root:Result: Selector: High Level Ordering of Strategies -> Success
DEBUG:root:Finish turn

DEBUG:root:Executing:Selector: High Level Ordering of Strategies
DEBUG:root:Executing:Sequence: Offensive Strategy
DEBUG:root:Executing:Check: who_has_largest_fleet
DEBUG:root:Result: Check: who_has_largest_fleet -> Success
DEBUG:root:Executing:Action: attack_weakest_enemy_planet
DEBUG:root:Order:21 19 18.0
DEBUG:root:Result: Action: attack_weakest_enemy_planet -> Success
DEBUG:root:Executing:Action: attack_strategically
DEBUG:root:Order:11 12 10.0
DEBUG:root:Result: Action: attack_strategically -> Success
DEBUG:root:Result: Sequence: Offensive Strategy -> Success
DEBUG:root:Result: Selector: High Level Ordering of Strategies -> Success
DEBUG:root:Finish turn

DEBUG:root:Executing:Selector: High Level Ordering of Strategies
DEBUG:root:Executing:Sequence: Offensive Strategy
DEBUG:root:Executing:Check: who_has_largest_fleet
DEBUG:root:Result: Check: who_has_largest_fleet -> Success
DEBUG:root:Executing:Action: attack_weakest_enemy_planet
DEBUG:root:Order:21 6 16.5
DEBUG:root:Result: Action: attack_weakest_enemy_planet -> Success
DEBUG:root:Executing:Action: attack_strategically
DEBUG:root:Order:2 12 12.0
DEBUG:root:Result: Action: attack_strategically -> Success
DEBUG:root:Result: Sequence: Offensive Strategy -> Success
DEBUG:root:Result: Selector: High Level Ordering of Strategies -> Success
DEBUG:root:Finish turn

DEBUG:root:Executing:Selector: High Level Ordering of Strategies
DEBUG:root:Executing:Sequence: Offensive Strategy
DEBUG:root:Executing:Check: who_has_largest_fleet
DEBUG:root:Result: Check: who_has_largest_fleet -> Success
DEBUG:root:Executing:Action: attack_weakest_enemy_planet
DEBUG:root:Order:1 5 12.5
DEBUG:root:Result: Action: attack_weakest_enemy_planet -> Success
DEBUG:root:Executing:Action: attack_strategically
DEBUG:root:Order:11 12 10.0
DEBUG:root:Result: Action: attack_strategically -> Success
DEBUG:root:Result: Sequence: Offensive Strategy -> Success
DEBUG:root:Result: Selector: High Level Ordering of Strategies -> Success
DEBUG:root:Finish turn

DEBUG:root:Executing:Selector: High Level Ordering of Strategies
DEBUG:root:Executing:Sequence: Offensive Strategy
DEBUG:root:Executing:Check: who_has_largest_fleet
DEBUG:root:Result: Check: who_has_largest_fleet -> Success
DEBUG:root:Executing:Action: attack_weakest_enemy_planet
DEBUG:root:Order:6 12 16.5
DEBUG:root:Result: Action: attack_weakest_enemy_planet -> Success
DEBUG:root:Executing:Action: attack_strategically
DEBUG:root:Order:21 12 11.0
DEBUG:root:Result: Action: attack_strategically -> Success
DEBUG:root:Result: Sequence: Offensive Strategy -> Success
DEBUG:root:Result: Selector: High Level Ordering of Strategies -> Success
DEBUG:root:Finish turn

DEBUG:root:Executing:Selector: High Level Ordering of Strategies
DEBUG:root:Executing:Sequence: Offensive Strategy
DEBUG:root:Executing:Check: who_has_largest_fleet
DEBUG:root:Result: Check: who_has_largest_fleet -> Success
DEBUG:root:Executing:Action: attack_weakest_enemy_planet
DEBUG:root:Order:2 12 13.5
DEBUG:root:Result: Action: attack_weakest_enemy_planet -> Success
DEBUG:root:Executing:Action: attack_strategically
DEBUG:root:Order:1 12 11.0
DEBUG:root:Result: Action: attack_strategically -> Success
DEBUG:root:Result: Sequence: Offensive Strategy -> Success
DEBUG:root:Result: Selector: High Level Ordering of Strategies -> Success
DEBUG:root:Finish turn

DEBUG:root:Executing:Selector: High Level Ordering of Strategies
DEBUG:root:Executing:Sequence: Offensive Strategy
DEBUG:root:Executing:Check: who_has_largest_fleet
DEBUG:root:Result: Check: who_has_largest_fleet -> Success
DEBUG:root:Executing:Action: attack_weakest_enemy_planet
DEBUG:root:Order:11 19 13.0
DEBUG:root:Result: Action: attack_weakest_enemy_planet -> Success
DEBUG:root:Executing:Action: attack_strategically
DEBUG:root:Order:2 0 9.0
DEBUG:root:Result: Action: attack_strategically -> Success
DEBUG:root:Result: Sequence: Offensive Strategy -> Success
DEBUG:root:Result: Selector: High Level Ordering of Strategies -> Success
DEBUG:root:Finish turn

DEBUG:root:Executing:Selector: High Level Ordering of Strategies
DEBUG:root:Executing:Sequence: Offensive Strategy
DEBUG:root:Executing:Check: who_has_largest_fleet
DEBUG:root:Result: Check: who_has_largest_fleet -> Success
DEBUG:root:Executing:Action: attack_weakest_enemy_planet
DEBUG:root:Order:1 5 11.0
DEBUG:root:Result: Action: attack_weakest_enemy_planet -> Success
DEBUG:root:Executing:Action: attack_strategically
DEBUG:root:Order:12 0 11.0
DEBUG:root:Result: Action: attack_strategically -> Success
DEBUG:root:Result: Sequence: Offensive Strategy -> Success
DEBUG:root:Result: Selector: High Level Ordering of Strategies -> Success
DEBUG:root:Finish turn

DEBUG:root:Executing:Selector: High Level Ordering of Strategies
DEBUG:root:Executing:Sequence: Offensive Strategy
DEBUG:root:Executing:Check: who_has_largest_fleet
DEBUG:root:Result: Check: who_has_largest_fleet -> Success
DEBUG:root:Executing:Action: attack_weakest_enemy_planet
DEBUG:root:Order:12 5 18.5
DEBUG:root:Result: Action: attack_weakest_enemy_planet -> Success
DEBUG:root:Executing:Action: attack_strategically
DEBUG:root:Order:19 0 18.0
DEBUG:root:Result: Action: attack_strategically -> Success
DEBUG:root:Result: Sequence: Offensive Strategy -> Success
DEBUG:root:Result: Selector: High Level Ordering of Strategies -> Success
DEBUG:root:Finish turn

DEBUG:root:Executing:Selector: High Level Ordering of Strategies
DEBUG:root:Executing:Sequence: Offensive Strategy
DEBUG:root:Executing:Check: who_has_largest_fleet
DEBUG:root:Result: Check: who_has_largest_fleet -> Success
DEBUG:root:Executing:Action: attack_weakest_enemy_planet
DEBUG:root:Order:6 5 17.0
DEBUG:root:Result: Action: attack_weakest_enemy_planet -> Success
DEBUG:root:Executing:Action: attack_strategically
DEBUG:root:Order:12 0 16.0
DEBUG:root:Result: Action: attack_strategically -> Success
DEBUG:root:Result: Sequence: Offensive Strategy -> Success
DEBUG:root:Result: Selector: High Level Ordering of Strategies -> Success
DEBUG:root:Finish turn

DEBUG:root:Executing:Selector: High Level Ordering of Strategies
DEBUG:root:Executing:Sequence: Offensive Strategy
DEBUG:root:Executing:Check: who_has_largest_fleet
DEBUG:root:Result: Check: who_has_largest_fleet -> Success
DEBUG:root:Executing:Action: attack_weakest_enemy_planet
DEBUG:root:Order:11 21 16.5
DEBUG:root:Result: Action: attack_weakest_enemy_planet -> Success
DEBUG:root:Executing:Action: attack_strategically
DEBUG:root:Order:12 0 16.0
DEBUG:root:Result: Action: attack_strategically -> Success
DEBUG:root:Result: Sequence: Offensive Strategy -> Success
DEBUG:root:Result: Selector: High Level Ordering of Strategies -> Success
DEBUG:root:Finish turn

DEBUG:root:Executing:Selector: High Level Ordering of Strategies
DEBUG:root:Executing:Sequence: Offensive Strategy
DEBUG:root:Executing:Check: who_has_largest_fleet
DEBUG:root:Result: Check: who_has_largest_fleet -> Success
DEBUG:root:Executing:Action: attack_weakest_enemy_planet
DEBUG:root:Order:2 21 17.5
DEBUG:root:Result: Action: attack_weakest_enemy_planet -> Success
DEBUG:root:Executing:Action: attack_strategically
DEBUG:root:Order:1 0 15.0
DEBUG:root:Result: Action: attack_strategically -> Success
DEBUG:root:Result: Sequence: Offensive Strategy -> Success
DEBUG:root:Result: Selector: High Level Ordering of Strategies -> Success
DEBUG:root:Finish turn

DEBUG:root:Executing:Selector: High Level Ordering of Strategies
DEBUG:root:Executing:Sequence: Offensive Strategy
DEBUG:root:Executing:Check: who_has_largest_fleet
DEBUG:root:Result: Check: who_has_largest_fleet -> Success
DEBUG:root:Executing:Action: attack_weakest_enemy_planet
DEBUG:root:Order:19 21 21.0
DEBUG:root:Result: Action: attack_weakest_enemy_planet -> Success
DEBUG:root:Executing:Action: attack_strategically
DEBUG:root:Order:12 0 17.0
DEBUG:root:Result: Action: attack_strategically -> Success
DEBUG:root:Result: Sequence: Offensive Strategy -> Success
DEBUG:root:Result: Selector: High Level Ordering of Strategies -> Success
DEBUG:root:Finish turn

DEBUG:root:Executing:Selector: High Level Ordering of Strategies
DEBUG:root:Executing:Sequence: Offensive Strategy
DEBUG:root:Executing:Check: who_has_largest_fleet
DEBUG:root:Result: Check: who_has_largest_fleet -> Success
DEBUG:root:Executing:Action: attack_weakest_enemy_planet
DEBUG:root:Order:12 21 17.0
DEBUG:root:Result: Action: attack_weakest_enemy_planet -> Success
DEBUG:root:Executing:Action: attack_strategically
DEBUG:root:Order:11 0 16.0
DEBUG:root:Result: Action: attack_strategically -> Success
DEBUG:root:Result: Sequence: Offensive Strategy -> Success
DEBUG:root:Result: Selector: High Level Ordering of Strategies -> Success
DEBUG:root:Finish turn

DEBUG:root:Executing:Selector: High Level Ordering of Strategies
DEBUG:root:Executing:Sequence: Offensive Strategy
DEBUG:root:Executing:Check: who_has_largest_fleet
DEBUG:root:Result: Check: who_has_largest_fleet -> Success
DEBUG:root:Executing:Action: attack_weakest_enemy_planet
DEBUG:root:Order:2 17 16.5
DEBUG:root:Result: Action: attack_weakest_enemy_planet -> Success
DEBUG:root:Executing:Action: attack_strategically
DEBUG:root:Order:1 21 15.0
DEBUG:root:Result: Action: attack_strategically -> Success
DEBUG:root:Result: Sequence: Offensive Strategy -> Success
DEBUG:root:Result: Selector: High Level Ordering of Strategies -> Success
DEBUG:root:Finish turn

DEBUG:root:Executing:Selector: High Level Ordering of Strategies
DEBUG:root:Executing:Sequence: Offensive Strategy
DEBUG:root:Executing:Check: who_has_largest_fleet
DEBUG:root:Result: Check: who_has_largest_fleet -> Success
DEBUG:root:Executing:Action: attack_weakest_enemy_planet
DEBUG:root:Order:12 9 27.5
DEBUG:root:Result: Action: attack_weakest_enemy_planet -> Success
DEBUG:root:Executing:Action: attack_strategically
DEBUG:root:Order:19 21 18.0
DEBUG:root:Result: Action: attack_strategically -> Success
DEBUG:root:Result: Sequence: Offensive Strategy -> Success
DEBUG:root:Result: Selector: High Level Ordering of Strategies -> Success
DEBUG:root:Finish turn

DEBUG:root:Executing:Selector: High Level Ordering of Strategies
DEBUG:root:Executing:Sequence: Offensive Strategy
DEBUG:root:Executing:Check: who_has_largest_fleet
DEBUG:root:Result: Check: who_has_largest_fleet -> Success
DEBUG:root:Executing:Action: attack_weakest_enemy_planet
DEBUG:root:Order:12 9 22.0
DEBUG:root:Result: Action: attack_weakest_enemy_planet -> Success
DEBUG:root:Executing:Action: attack_strategically
DEBUG:root:Order:11 21 15.0
DEBUG:root:Result: Action: attack_strategically -> Success
DEBUG:root:Result: Sequence: Offensive Strategy -> Success
DEBUG:root:Result: Selector: High Level Ordering of Strategies -> Success
DEBUG:root:Finish turn

DEBUG:root:Executing:Selector: High Level Ordering of Strategies
DEBUG:root:Executing:Sequence: Offensive Strategy
DEBUG:root:Executing:Check: who_has_largest_fleet
DEBUG:root:Result: Check: who_has_largest_fleet -> Success
DEBUG:root:Executing:Action: attack_weakest_enemy_planet
DEBUG:root:Order:0 9 26.0
DEBUG:root:Result: Action: attack_weakest_enemy_planet -> Success
DEBUG:root:Executing:Action: attack_strategically
DEBUG:root:Order:12 21 23.0
DEBUG:root:Result: Action: attack_strategically -> Success
DEBUG:root:Result: Sequence: Offensive Strategy -> Success
DEBUG:root:Result: Selector: High Level Ordering of Strategies -> Success
DEBUG:root:Finish turn

DEBUG:root:Executing:Selector: High Level Ordering of Strategies
DEBUG:root:Executing:Sequence: Offensive Strategy
DEBUG:root:Executing:Check: who_has_largest_fleet
DEBUG:root:Result: Check: who_has_largest_fleet -> Success
DEBUG:root:Executing:Action: attack_weakest_enemy_planet
DEBUG:root:Order:12 9 20.5
DEBUG:root:Result: Action: attack_weakest_enemy_planet -> Success
DEBUG:root:Executing:Action: attack_strategically
DEBUG:root:Order:2 21 18.0
DEBUG:root:Result: Action: attack_strategically -> Success
DEBUG:root:Result: Sequence: Offensive Strategy -> Success
DEBUG:root:Result: Selector: High Level Ordering of Strategies -> Success
DEBUG:root:Finish turn

DEBUG:root:Executing:Selector: High Level Ordering of Strategies
DEBUG:root:Executing:Sequence: Offensive Strategy
DEBUG:root:Executing:Check: who_has_largest_fleet
DEBUG:root:Result: Check: who_has_largest_fleet -> Success
DEBUG:root:Executing:Action: attack_weakest_enemy_planet
DEBUG:root:Order:1 9 20.5
DEBUG:root:Result: Action: attack_weakest_enemy_planet -> Success
DEBUG:root:Executing:Action: attack_strategically
DEBUG:root:Order:19 17 18.0
DEBUG:root:Result: Action: attack_strategically -> Success
DEBUG:root:Result: Sequence: Offensive Strategy -> Success
DEBUG:root:Result: Selector: High Level Ordering of Strategies -> Success
DEBUG:root:Finish turn

DEBUG:root:Executing:Selector: High Level Ordering of Strategies
DEBUG:root:Executing:Sequence: Offensive Strategy
DEBUG:root:Executing:Check: who_has_largest_fleet
DEBUG:root:Result: Check: who_has_largest_fleet -> Success
DEBUG:root:Executing:Action: attack_weakest_enemy_planet
DEBUG:root:Order:11 9 18.0
DEBUG:root:Result: Action: attack_weakest_enemy_planet -> Success
DEBUG:root:Executing:Action: attack_strategically
DEBUG:root:Order:0 17 17.0
DEBUG:root:Result: Action: attack_strategically -> Success
DEBUG:root:Result: Sequence: Offensive Strategy -> Success
DEBUG:root:Result: Selector: High Level Ordering of Strategies -> Success
DEBUG:root:Finish turn

DEBUG:root:Executing:Selector: High Level Ordering of Strategies
DEBUG:root:Executing:Sequence: Offensive Strategy
DEBUG:root:Executing:Check: who_has_largest_fleet
DEBUG:root:Result: Check: who_has_largest_fleet -> Success
DEBUG:root:Executing:Action: attack_weakest_enemy_planet
DEBUG:root:Order:12 17 18.0
DEBUG:root:Result: Action: attack_weakest_enemy_planet -> Success
DEBUG:root:Executing:Action: attack_strategically
DEBUG:root:Order:2 17 17.0
DEBUG:root:Result: Action: attack_strategically -> Success
DEBUG:root:Result: Sequence: Offensive Strategy -> Success
DEBUG:root:Result: Selector: High Level Ordering of Strategies -> Success
DEBUG:root:Finish turn

DEBUG:root:Executing:Selector: High Level Ordering of Strategies
DEBUG:root:Executing:Sequence: Offensive Strategy
DEBUG:root:Executing:Check: who_has_largest_fleet
DEBUG:root:Result: Check: who_has_largest_fleet -> Success
DEBUG:root:Executing:Action: attack_weakest_enemy_planet
DEBUG:root:Order:0 17 28.5
DEBUG:root:Result: Action: attack_weakest_enemy_planet -> Success
DEBUG:root:Executing:Action: attack_strategically
DEBUG:root:Order:1 17 18.0
DEBUG:root:Result: Action: attack_strategically -> Success
DEBUG:root:Result: Sequence: Offensive Strategy -> Success
DEBUG:root:Result: Selector: High Level Ordering of Strategies -> Success
DEBUG:root:Finish turn

DEBUG:root:Executing:Selector: High Level Ordering of Strategies
DEBUG:root:Executing:Sequence: Offensive Strategy
DEBUG:root:Executing:Check: who_has_largest_fleet
DEBUG:root:Result: Check: who_has_largest_fleet -> Success
DEBUG:root:Executing:Action: attack_weakest_enemy_planet
DEBUG:root:Order:21 9 19.5
DEBUG:root:Result: Action: attack_weakest_enemy_planet -> Success
DEBUG:root:Executing:Action: attack_strategically
DEBUG:root:Order:19 17 17.0
DEBUG:root:Result: Action: attack_strategically -> Success
DEBUG:root:Result: Sequence: Offensive Strategy -> Success
DEBUG:root:Result: Selector: High Level Ordering of Strategies -> Success
DEBUG:root:Finish turn

DEBUG:root:Executing:Selector: High Level Ordering of Strategies
DEBUG:root:Executing:Sequence: Offensive Strategy
DEBUG:root:Executing:Check: who_has_largest_fleet
DEBUG:root:Result: Check: who_has_largest_fleet -> Success
DEBUG:root:Executing:Action: attack_weakest_enemy_planet
DEBUG:root:Order:11 9 19.0
DEBUG:root:Result: Action: attack_weakest_enemy_planet -> Success
DEBUG:root:Executing:Action: attack_strategically
DEBUG:root:Order:0 17 17.0
DEBUG:root:Result: Action: attack_strategically -> Success
DEBUG:root:Result: Sequence: Offensive Strategy -> Success
DEBUG:root:Result: Selector: High Level Ordering of Strategies -> Success
DEBUG:root:Finish turn

DEBUG:root:Executing:Selector: High Level Ordering of Strategies
DEBUG:root:Executing:Sequence: Offensive Strategy
DEBUG:root:Executing:Check: who_has_largest_fleet
DEBUG:root:Result: Check: who_has_largest_fleet -> Success
DEBUG:root:Executing:Action: attack_weakest_enemy_planet
DEBUG:root:Order:12 5 19.0
DEBUG:root:Result: Action: attack_weakest_enemy_planet -> Success
DEBUG:root:Executing:Action: attack_strategically
DEBUG:root:Order:2 17 18.0
DEBUG:root:Result: Action: attack_strategically -> Success
DEBUG:root:Result: Sequence: Offensive Strategy -> Success
DEBUG:root:Result: Selector: High Level Ordering of Strategies -> Success
DEBUG:root:Finish turn

DEBUG:root:Executing:Selector: High Level Ordering of Strategies
DEBUG:root:Executing:Sequence: Offensive Strategy
DEBUG:root:Executing:Check: who_has_largest_fleet
DEBUG:root:Result: Check: who_has_largest_fleet -> Success
DEBUG:root:Executing:Action: attack_weakest_enemy_planet
DEBUG:root:Order:21 5 25.5
DEBUG:root:Result: Action: attack_weakest_enemy_planet -> Success
DEBUG:root:Executing:Action: attack_strategically
DEBUG:root:Order:1 17 19.0
DEBUG:root:Result: Action: attack_strategically -> Success
DEBUG:root:Result: Sequence: Offensive Strategy -> Success
DEBUG:root:Result: Selector: High Level Ordering of Strategies -> Success
DEBUG:root:Finish turn

DEBUG:root:Executing:Selector: High Level Ordering of Strategies
DEBUG:root:Executing:Sequence: Offensive Strategy
DEBUG:root:Executing:Check: who_has_largest_fleet
DEBUG:root:Result: Check: who_has_largest_fleet -> Success
DEBUG:root:Executing:Action: attack_weakest_enemy_planet
DEBUG:root:Order:11 5 17.0
DEBUG:root:Result: Action: attack_weakest_enemy_planet -> Success
DEBUG:root:Executing:Action: attack_strategically
DEBUG:root:Order:6 17 15.0
DEBUG:root:Result: Action: attack_strategically -> Success
DEBUG:root:Result: Sequence: Offensive Strategy -> Success
DEBUG:root:Result: Selector: High Level Ordering of Strategies -> Success
DEBUG:root:Finish turn

DEBUG:root:Executing:Selector: High Level Ordering of Strategies
DEBUG:root:Executing:Sequence: Offensive Strategy
DEBUG:root:Executing:Check: who_has_largest_fleet
DEBUG:root:Result: Check: who_has_largest_fleet -> Success
DEBUG:root:Executing:Action: attack_weakest_enemy_planet
DEBUG:root:Order:2 5 17.0
DEBUG:root:Result: Action: attack_weakest_enemy_planet -> Success
DEBUG:root:Executing:Action: attack_strategically
DEBUG:root:Order:12 0 17.0
DEBUG:root:Result: Action: attack_strategically -> Success
DEBUG:root:Result: Sequence: Offensive Strategy -> Success
DEBUG:root:Result: Selector: High Level Ordering of Strategies -> Success
DEBUG:root:Finish turn

DEBUG:root:Executing:Selector: High Level Ordering of Strategies
DEBUG:root:Executing:Sequence: Offensive Strategy
DEBUG:root:Executing:Check: who_has_largest_fleet
DEBUG:root:Result: Check: who_has_largest_fleet -> Success
DEBUG:root:Executing:Action: attack_weakest_enemy_planet
DEBUG:root:Order:17 5 31.0
DEBUG:root:Result: Action: attack_weakest_enemy_planet -> Success
DEBUG:root:Executing:Action: attack_strategically
DEBUG:root:Order:21 0 26.0
DEBUG:root:Result: Action: attack_strategically -> Success
DEBUG:root:Result: Sequence: Offensive Strategy -> Success
DEBUG:root:Result: Selector: High Level Ordering of Strategies -> Success
DEBUG:root:Finish turn

DEBUG:root:Executing:Selector: High Level Ordering of Strategies
DEBUG:root:Executing:Sequence: Offensive Strategy
DEBUG:root:Executing:Check: who_has_largest_fleet
DEBUG:root:Result: Check: who_has_largest_fleet -> Success
DEBUG:root:Executing:Action: attack_weakest_enemy_planet
DEBUG:root:Order:21 0 26.0
DEBUG:root:Result: Action: attack_weakest_enemy_planet -> Success
DEBUG:root:Executing:Action: attack_strategically
DEBUG:root:Order:1 0 19.0
DEBUG:root:Result: Action: attack_strategically -> Success
DEBUG:root:Result: Sequence: Offensive Strategy -> Success
DEBUG:root:Result: Selector: High Level Ordering of Strategies -> Success
DEBUG:root:Finish turn

DEBUG:root:Executing:Selector: High Level Ordering of Strategies
DEBUG:root:Executing:Sequence: Offensive Strategy
DEBUG:root:Executing:Check: who_has_largest_fleet
DEBUG:root:Result: Check: who_has_largest_fleet -> Success
DEBUG:root:Executing:Action: attack_weakest_enemy_planet
DEBUG:root:Order:9 18 30.5
DEBUG:root:Result: Action: attack_weakest_enemy_planet -> Success
DEBUG:root:Executing:Action: attack_strategically
DEBUG:root:Order:17 0 26.0
DEBUG:root:Result: Action: attack_strategically -> Success
DEBUG:root:Result: Sequence: Offensive Strategy -> Success
DEBUG:root:Result: Selector: High Level Ordering of Strategies -> Success
DEBUG:root:Finish turn

DEBUG:root:Executing:Selector: High Level Ordering of Strategies
DEBUG:root:Executing:Sequence: Offensive Strategy
DEBUG:root:Executing:Check: who_has_largest_fleet
DEBUG:root:Result: Check: who_has_largest_fleet -> Success
DEBUG:root:Executing:Action: attack_weakest_enemy_planet
DEBUG:root:Order:9 18 26.0
DEBUG:root:Result: Action: attack_weakest_enemy_planet -> Success
DEBUG:root:Executing:Action: attack_strategically
DEBUG:root:Order:17 0 23.0
DEBUG:root:Result: Action: attack_strategically -> Success
DEBUG:root:Result: Sequence: Offensive Strategy -> Success
DEBUG:root:Result: Selector: High Level Ordering of Strategies -> Success
DEBUG:root:Finish turn

DEBUG:root:Executing:Selector: High Level Ordering of Strategies
DEBUG:root:Executing:Sequence: Offensive Strategy
DEBUG:root:Executing:Check: who_has_largest_fleet
DEBUG:root:Result: Check: who_has_largest_fleet -> Success
DEBUG:root:Executing:Action: attack_weakest_enemy_planet
DEBUG:root:Order:11 18 23.5
DEBUG:root:Result: Action: attack_weakest_enemy_planet -> Success
DEBUG:root:Executing:Action: attack_strategically
DEBUG:root:Order:2 0 21.0
DEBUG:root:Result: Action: attack_strategically -> Success
DEBUG:root:Result: Sequence: Offensive Strategy -> Success
DEBUG:root:Result: Selector: High Level Ordering of Strategies -> Success
DEBUG:root:Finish turn

DEBUG:root:Executing:Selector: High Level Ordering of Strategies
DEBUG:root:Executing:Sequence: Offensive Strategy
DEBUG:root:Executing:Check: who_has_largest_fleet
DEBUG:root:Result: Check: who_has_largest_fleet -> Success
DEBUG:root:Executing:Action: attack_weakest_enemy_planet
DEBUG:root:Order:12 18 23.5
DEBUG:root:Result: Action: attack_weakest_enemy_planet -> Success
DEBUG:root:Executing:Action: attack_strategically
DEBUG:root:Order:1 0 20.0
DEBUG:root:Result: Action: attack_strategically -> Success
DEBUG:root:Result: Sequence: Offensive Strategy -> Success
DEBUG:root:Result: Selector: High Level Ordering of Strategies -> Success
DEBUG:root:Finish turn

DEBUG:root:Executing:Selector: High Level Ordering of Strategies
DEBUG:root:Executing:Sequence: Offensive Strategy
DEBUG:root:Executing:Check: who_has_largest_fleet
DEBUG:root:Result: Check: who_has_largest_fleet -> Success
DEBUG:root:Executing:Action: attack_weakest_enemy_planet
DEBUG:root:Order:9 18 23.5
DEBUG:root:Result: Action: attack_weakest_enemy_planet -> Success
DEBUG:root:Executing:Action: attack_strategically
DEBUG:root:Order:21 0 20.0
DEBUG:root:Result: Action: attack_strategically -> Success
DEBUG:root:Result: Sequence: Offensive Strategy -> Success
DEBUG:root:Result: Selector: High Level Ordering of Strategies -> Success
DEBUG:root:Finish turn

DEBUG:root:Executing:Selector: High Level Ordering of Strategies
DEBUG:root:Executing:Sequence: Offensive Strategy
DEBUG:root:Executing:Check: who_has_largest_fleet
DEBUG:root:Result: Check: who_has_largest_fleet -> Success
DEBUG:root:Executing:Action: attack_weakest_enemy_planet
DEBUG:root:Order:21 18 21.0
DEBUG:root:Result: Action: attack_weakest_enemy_planet -> Success
DEBUG:root:Executing:Action: attack_strategically
DEBUG:root:Order:11 0 19.0
DEBUG:root:Result: Action: attack_strategically -> Success
DEBUG:root:Result: Sequence: Offensive Strategy -> Success
DEBUG:root:Result: Selector: High Level Ordering of Strategies -> Success
DEBUG:root:Finish turn

DEBUG:root:Executing:Selector: High Level Ordering of Strategies
DEBUG:root:Executing:Sequence: Offensive Strategy
DEBUG:root:Executing:Check: who_has_largest_fleet
DEBUG:root:Result: Check: who_has_largest_fleet -> Success
DEBUG:root:Executing:Action: attack_weakest_enemy_planet
DEBUG:root:Order:2 18 20.5
DEBUG:root:Result: Action: attack_weakest_enemy_planet -> Success
DEBUG:root:Executing:Action: attack_strategically
DEBUG:root:Order:12 0 19.0
DEBUG:root:Result: Action: attack_strategically -> Success
DEBUG:root:Result: Sequence: Offensive Strategy -> Success
DEBUG:root:Result: Selector: High Level Ordering of Strategies -> Success
DEBUG:root:Finish turn

DEBUG:root:Executing:Selector: High Level Ordering of Strategies
DEBUG:root:Executing:Sequence: Offensive Strategy
DEBUG:root:Executing:Check: who_has_largest_fleet
DEBUG:root:Result: Check: who_has_largest_fleet -> Success
DEBUG:root:Executing:Action: attack_weakest_enemy_planet
DEBUG:root:Order:5 0 24.5
DEBUG:root:Result: Action: attack_weakest_enemy_planet -> Success
DEBUG:root:Executing:Action: attack_strategically
DEBUG:root:Order:1 0 20.0
DEBUG:root:Result: Action: attack_strategically -> Success
DEBUG:root:Result: Sequence: Offensive Strategy -> Success
DEBUG:root:Result: Selector: High Level Ordering of Strategies -> Success
DEBUG:root:Finish turn

DEBUG:root:Executing:Selector: High Level Ordering of Strategies
DEBUG:root:Executing:Sequence: Offensive Strategy
DEBUG:root:Executing:Check: who_has_largest_fleet
DEBUG:root:Result: Check: who_has_largest_fleet -> Success
DEBUG:root:Executing:Action: attack_weakest_enemy_planet
DEBUG:root:Order:17 18 27.5
DEBUG:root:Result: Action: attack_weakest_enemy_planet -> Success
DEBUG:root:Executing:Action: attack_strategically
DEBUG:root:Order:9 18 23.0
DEBUG:root:Result: Action: attack_strategically -> Success
DEBUG:root:Result: Sequence: Offensive Strategy -> Success
DEBUG:root:Result: Selector: High Level Ordering of Strategies -> Success
DEBUG:root:Finish turn

DEBUG:root:Executing:Selector: High Level Ordering of Strategies
DEBUG:root:Executing:Sequence: Offensive Strategy
DEBUG:root:Executing:Check: who_has_largest_fleet
DEBUG:root:Result: Check: who_has_largest_fleet -> Success
DEBUG:root:Executing:Action: attack_weakest_enemy_planet
DEBUG:root:Order:0 19 46.5
DEBUG:root:Result: Action: attack_weakest_enemy_planet -> Success
DEBUG:root:Executing:Action: attack_strategically
DEBUG:root:Order:5 19 34.0
DEBUG:root:Result: Action: attack_strategically -> Success
DEBUG:root:Result: Sequence: Offensive Strategy -> Success
DEBUG:root:Result: Selector: High Level Ordering of Strategies -> Success
DEBUG:root:Finish turn

DEBUG:root:Executing:Selector: High Level Ordering of Strategies
DEBUG:root:Executing:Sequence: Offensive Strategy
DEBUG:root:Executing:Check: who_has_largest_fleet
DEBUG:root:Result: Check: who_has_largest_fleet -> Success
DEBUG:root:Executing:Action: attack_weakest_enemy_planet
DEBUG:root:Order:0 19 44.0
DEBUG:root:Result: Action: attack_weakest_enemy_planet -> Success
DEBUG:root:Executing:Action: attack_strategically
DEBUG:root:Order:17 19 25.0
DEBUG:root:Result: Action: attack_strategically -> Success
DEBUG:root:Result: Sequence: Offensive Strategy -> Success
DEBUG:root:Result: Selector: High Level Ordering of Strategies -> Success
DEBUG:root:Finish turn

DEBUG:root:Executing:Selector: High Level Ordering of Strategies
DEBUG:root:Executing:Sequence: Offensive Strategy
DEBUG:root:Executing:Check: who_has_largest_fleet
DEBUG:root:Result: Check: who_has_largest_fleet -> Success
DEBUG:root:Executing:Action: attack_weakest_enemy_planet
DEBUG:root:Order:5 19 28.0
DEBUG:root:Result: Action: attack_weakest_enemy_planet -> Success
DEBUG:root:Executing:Action: attack_strategically
DEBUG:root:Order:11 19 25.0
DEBUG:root:Result: Action: attack_strategically -> Success
DEBUG:root:Result: Sequence: Offensive Strategy -> Success
DEBUG:root:Result: Selector: High Level Ordering of Strategies -> Success
DEBUG:root:Finish turn

DEBUG:root:Executing:Selector: High Level Ordering of Strategies
DEBUG:root:Executing:Sequence: Offensive Strategy
DEBUG:root:Executing:Check: who_has_largest_fleet
DEBUG:root:Result: Check: who_has_largest_fleet -> Success
DEBUG:root:Executing:Action: attack_weakest_enemy_planet
DEBUG:root:Order:17 19 31.5
DEBUG:root:Result: Action: attack_weakest_enemy_planet -> Success
DEBUG:root:Executing:Action: attack_strategically
DEBUG:root:Order:18 19 26.0
DEBUG:root:Result: Action: attack_strategically -> Success
DEBUG:root:Result: Sequence: Offensive Strategy -> Success
DEBUG:root:Result: Selector: High Level Ordering of Strategies -> Success
DEBUG:root:Finish turn

DEBUG:root:Executing:Selector: High Level Ordering of Strategies
DEBUG:root:Executing:Sequence: Offensive Strategy
DEBUG:root:Executing:Check: who_has_largest_fleet
DEBUG:root:Result: Check: who_has_largest_fleet -> Success
DEBUG:root:Executing:Action: attack_weakest_enemy_planet
DEBUG:root:Order:0 19 37.0
DEBUG:root:Result: Action: attack_weakest_enemy_planet -> Success
DEBUG:root:Executing:Action: attack_strategically
DEBUG:root:Order:5 19 30.0
DEBUG:root:Result: Action: attack_strategically -> Success
DEBUG:root:Result: Sequence: Offensive Strategy -> Success
DEBUG:root:Result: Selector: High Level Ordering of Strategies -> Success
DEBUG:root:Finish turn

DEBUG:root:Executing:Selector: High Level Ordering of Strategies
DEBUG:root:Executing:Sequence: Offensive Strategy
DEBUG:root:Executing:Check: who_has_largest_fleet
DEBUG:root:Result: Check: who_has_largest_fleet -> Success
DEBUG:root:Executing:Action: attack_weakest_enemy_planet
DEBUG:root:Order:0 6 40.0
DEBUG:root:Result: Action: attack_weakest_enemy_planet -> Success
DEBUG:root:Executing:Action: attack_strategically
DEBUG:root:Order:9 6 34.0
DEBUG:root:Result: Action: attack_strategically -> Success
DEBUG:root:Result: Sequence: Offensive Strategy -> Success
DEBUG:root:Result: Selector: High Level Ordering of Strategies -> Success
DEBUG:root:Finish turn

DEBUG:root:Executing:Selector: High Level Ordering of Strategies
DEBUG:root:Executing:Sequence: Offensive Strategy
DEBUG:root:Executing:Check: who_has_largest_fleet
DEBUG:root:Result: Check: who_has_largest_fleet -> Success
DEBUG:root:Executing:Action: attack_weakest_enemy_planet
DEBUG:root:Order:2 6 33.0
DEBUG:root:Result: Action: attack_weakest_enemy_planet -> Success
DEBUG:root:Executing:Action: attack_strategically
DEBUG:root:Order:12 6 32.0
DEBUG:root:Result: Action: attack_strategically -> Success
DEBUG:root:Result: Sequence: Offensive Strategy -> Success
DEBUG:root:Result: Selector: High Level Ordering of Strategies -> Success
DEBUG:root:Finish turn

DEBUG:root:Executing:Selector: High Level Ordering of Strategies
DEBUG:root:Executing:Sequence: Offensive Strategy
DEBUG:root:Executing:Check: who_has_largest_fleet
DEBUG:root:Result: Check: who_has_largest_fleet -> Success
DEBUG:root:Executing:Action: attack_weakest_enemy_planet
DEBUG:root:Order:1 6 32.5
DEBUG:root:Result: Action: attack_weakest_enemy_planet -> Success
DEBUG:root:Executing:Action: attack_strategically
DEBUG:root:Order:17 6 28.0
DEBUG:root:Result: Action: attack_strategically -> Success
DEBUG:root:Result: Sequence: Offensive Strategy -> Success
DEBUG:root:Result: Selector: High Level Ordering of Strategies -> Success
DEBUG:root:Finish turn

DEBUG:root:Executing:Selector: High Level Ordering of Strategies
DEBUG:root:Executing:Sequence: Offensive Strategy
DEBUG:root:Executing:Check: who_has_largest_fleet
DEBUG:root:Result: Check: who_has_largest_fleet -> Success
DEBUG:root:Executing:Action: attack_weakest_enemy_planet
DEBUG:root:Order:21 6 28.5
DEBUG:root:Result: Action: attack_weakest_enemy_planet -> Success
DEBUG:root:Executing:Action: attack_strategically
DEBUG:root:Order:11 6 27.0
DEBUG:root:Result: Action: attack_strategically -> Success
DEBUG:root:Result: Sequence: Offensive Strategy -> Success
DEBUG:root:Result: Selector: High Level Ordering of Strategies -> Success
DEBUG:root:Finish turn

DEBUG:root:Executing:Selector: High Level Ordering of Strategies
DEBUG:root:Executing:Sequence: Offensive Strategy
DEBUG:root:Executing:Check: who_has_largest_fleet
DEBUG:root:Result: Check: who_has_largest_fleet -> Success
DEBUG:root:Executing:Action: attack_weakest_enemy_planet
DEBUG:root:Order:0 6 36.0
DEBUG:root:Result: Action: attack_weakest_enemy_planet -> Success
DEBUG:root:Executing:Action: attack_strategically
DEBUG:root:Order:2 6 24.0
DEBUG:root:Result: Action: attack_strategically -> Success
DEBUG:root:Result: Sequence: Offensive Strategy -> Success
DEBUG:root:Result: Selector: High Level Ordering of Strategies -> Success
DEBUG:root:Finish turn

DEBUG:root:Executing:Selector: High Level Ordering of Strategies
DEBUG:root:Executing:Sequence: Offensive Strategy
DEBUG:root:Executing:Check: who_has_largest_fleet
DEBUG:root:Result: Check: who_has_largest_fleet -> Success
DEBUG:root:Executing:Action: attack_weakest_enemy_planet
DEBUG:root:Order:12 6 26.5
DEBUG:root:Result: Action: attack_weakest_enemy_planet -> Success
DEBUG:root:Executing:Action: attack_strategically
DEBUG:root:Order:1 6 24.0
DEBUG:root:Result: Action: attack_strategically -> Success
DEBUG:root:Result: Sequence: Offensive Strategy -> Success
DEBUG:root:Result: Selector: High Level Ordering of Strategies -> Success
DEBUG:root:Finish turn

DEBUG:root:Executing:Selector: High Level Ordering of Strategies
DEBUG:root:Executing:Sequence: Offensive Strategy
DEBUG:root:Executing:Check: who_has_largest_fleet
DEBUG:root:Result: Check: who_has_largest_fleet -> Success
DEBUG:root:Executing:Action: attack_weakest_enemy_planet
DEBUG:root:Order:11 6 21.5
DEBUG:root:Result: Action: attack_weakest_enemy_planet -> Success
DEBUG:root:Executing:Action: attack_strategically
DEBUG:root:Order:0 6 21.0
DEBUG:root:Result: Action: attack_strategically -> Success
DEBUG:root:Result: Sequence: Offensive Strategy -> Success
DEBUG:root:Result: Selector: High Level Ordering of Strategies -> Success
DEBUG:root:Finish turn

DEBUG:root:Executing:Selector: High Level Ordering of Strategies
DEBUG:root:Executing:Sequence: Offensive Strategy
DEBUG:root:Executing:Check: who_has_largest_fleet
DEBUG:root:Result: Check: who_has_largest_fleet -> Success
DEBUG:root:Executing:Action: attack_weakest_enemy_planet
DEBUG:root:Order:18 6 28.5
DEBUG:root:Result: Action: attack_weakest_enemy_planet -> Success
DEBUG:root:Executing:Action: attack_strategically
DEBUG:root:Order:0 6 24.0
DEBUG:root:Result: Action: attack_strategically -> Success
DEBUG:root:Result: Sequence: Offensive Strategy -> Success
DEBUG:root:Result: Selector: High Level Ordering of Strategies -> Success
DEBUG:root:Finish turn

DEBUG:root:Executing:Selector: High Level Ordering of Strategies
DEBUG:root:Executing:Sequence: Offensive Strategy
DEBUG:root:Executing:Check: who_has_largest_fleet
DEBUG:root:Result: Check: who_has_largest_fleet -> Success
DEBUG:root:Executing:Action: attack_weakest_enemy_planet
DEBUG:root:Order:18 6 42.0
DEBUG:root:Result: Action: attack_weakest_enemy_planet -> Success
DEBUG:root:Executing:Action: attack_strategically
DEBUG:root:Order:2 6 22.0
DEBUG:root:Result: Action: attack_strategically -> Success
DEBUG:root:Result: Sequence: Offensive Strategy -> Success
DEBUG:root:Result: Selector: High Level Ordering of Strategies -> Success
DEBUG:root:Finish turn

DEBUG:root:Executing:Selector: High Level Ordering of Strategies
DEBUG:root:Executing:Sequence: Offensive Strategy
DEBUG:root:Executing:Check: who_has_largest_fleet
DEBUG:root:Result: Check: who_has_largest_fleet -> Success
DEBUG:root:Executing:Action: attack_weakest_enemy_planet
DEBUG:root:Order:18 6 32.0
DEBUG:root:Result: Action: attack_weakest_enemy_planet -> Success
DEBUG:root:Executing:Action: attack_strategically
DEBUG:root:Order:19 6 30.0
DEBUG:root:Result: Action: attack_strategically -> Success
DEBUG:root:Result: Sequence: Offensive Strategy -> Success
DEBUG:root:Result: Selector: High Level Ordering of Strategies -> Success
DEBUG:root:Finish turn

DEBUG:root:Executing:Selector: High Level Ordering of Strategies
DEBUG:root:Executing:Sequence: Offensive Strategy
DEBUG:root:Executing:Check: who_has_largest_fleet
DEBUG:root:Result: Check: who_has_largest_fleet -> Success
DEBUG:root:Executing:Action: attack_weakest_enemy_planet
DEBUG:root:Order:19 6 50.5
DEBUG:root:Result: Action: attack_weakest_enemy_planet -> Success
DEBUG:root:Executing:Action: attack_strategically
DEBUG:root:Order:12 6 26.0
DEBUG:root:Result: Action: attack_strategically -> Success
DEBUG:root:Result: Sequence: Offensive Strategy -> Success
DEBUG:root:Result: Selector: High Level Ordering of Strategies -> Success
DEBUG:root:Finish turn

DEBUG:root:Executing:Selector: High Level Ordering of Strategies
DEBUG:root:Executing:Sequence: Offensive Strategy
DEBUG:root:Executing:Check: who_has_largest_fleet
DEBUG:root:Result: Check: who_has_largest_fleet -> Success
DEBUG:root:Executing:Action: attack_weakest_enemy_planet
DEBUG:root:Order:18 6 29.5
DEBUG:root:Result: Action: attack_weakest_enemy_planet -> Success
DEBUG:root:Executing:Action: attack_strategically
DEBUG:root:Order:1 6 27.0
DEBUG:root:Result: Action: attack_strategically -> Success
DEBUG:root:Result: Sequence: Offensive Strategy -> Success
DEBUG:root:Result: Selector: High Level Ordering of Strategies -> Success
DEBUG:root:Finish turn

